2025-11-05 16:58:24,636 - [INFO] - ================================================================================
2025-11-05 16:58:24,636 - [INFO] - 批处理不变量生成 - 开始执行
2025-11-05 16:58:24,636 - [INFO] - ================================================================================
2025-11-05 16:58:24,636 - [INFO] - 扫描路径: extracted_contracts
2025-11-05 16:58:24,637 - [INFO] - 过滤条件: 2024-01
2025-11-05 16:58:24,638 - [INFO] - 找到项目: 16个
2025-11-05 16:58:24,638 - [INFO] - 将要处理: 3个
2025-11-05 16:58:24,638 - [INFO] - 将要跳过: 13个
2025-11-05 16:58:24,638 - [INFO] - 跳过原因统计:
2025-11-05 16:58:24,638 - [INFO] -   - Invariants 文件已存在 (使用 --force 强制重新生成): 13个
2025-11-05 16:58:24,638 - [INFO] - 开始并发处理 (workers=8)...
2025-11-05 16:58:24,748 - [INFO] - ✓ [1/3] Freedom_exp - 成功 (0.1s)
2025-11-05 16:58:24,748 - [INFO] - ✓ [2/3] Shell_MEV_0xa898_exp - 成功 (0.1s)
2025-11-05 16:58:24,749 - [INFO] - ✓ [3/3] MIC_exp - 成功 (0.1s)
2025-11-05 16:58:24,750 - [INFO] - 并发处理完成，总耗时: 0.1秒
2025-11-05 16:58:24,750 - [INFO] - 
================================================================================
2025-11-05 16:58:24,750 - [INFO] - 批处理执行报告
2025-11-05 16:58:24,750 - [INFO] - ================================================================================
2025-11-05 16:58:24,750 - [INFO] - 
结果汇总:
2025-11-05 16:58:24,750 - [INFO] -   ✓ 成功: 3项
2025-11-05 16:58:24,750 - [INFO] -   ✗ 失败: 0项
2025-11-05 16:58:24,750 - [INFO] -   ⊘ 跳过: 13项
2025-11-05 16:58:24,750 - [INFO] -   总计: 16项
2025-11-05 16:58:24,750 - [INFO] - 
成功项目 (3个):
2025-11-05 16:58:24,750 - [INFO] -   ✓ Freedom_exp
2025-11-05 16:58:24,750 - [INFO] -   ✓ Shell_MEV_0xa898_exp
2025-11-05 16:58:24,750 - [INFO] -   ✓ MIC_exp
2025-11-05 16:58:24,751 - [INFO] - 
跳过项目统计 (13个):
2025-11-05 16:58:24,751 - [INFO] -   ⊘ Invariants 文件已存在 (使用 --force 强制重新生成): 13个
2025-11-05 16:58:24,751 - [INFO] - 
================================================================================
2025-11-05 16:58:24,751 - [INFO] - 详细日志已保存到: batch_invariants.log
2025-11-05 16:58:24,751 - [INFO] - ================================================================================
