2025-11-15 14:16:30,444 - [INFO] - ================================================================================
2025-11-15 14:16:30,444 - [INFO] - 批处理Monitor输出生成 - 开始执行
2025-11-15 14:16:30,444 - [INFO] - ================================================================================
2025-11-15 14:16:30,444 - [INFO] - 扫描路径: extracted_contracts
2025-11-15 14:16:30,444 - [INFO] - 过滤条件: 2024-01
2025-11-15 14:16:30,445 - [INFO] - 找到项目: 18个
2025-11-15 14:16:30,446 - [INFO] - 将要处理: 18个
2025-11-15 14:16:30,446 - [INFO] - 将要跳过: 0个 (输出文件已存在)
2025-11-15 14:16:30,446 - [INFO] - 开始并行处理 (workers=8)...
2025-11-15 14:16:30,446 - [INFO] - 项目将使用端口: 8545 起（每个项目独立端口）
2025-11-15 14:16:47,050 - [INFO] - ✓ [1/18] LQDX_alert_exp - 成功 (13.6s)
2025-11-15 14:16:48,588 - [INFO] - ✓ [2/18] Bmizapper_exp - 成功 (17.6s)
2025-11-15 14:17:00,283 - [INFO] - ✓ [3/18] DAO_SoulMate_exp - 成功 (28.3s)
2025-11-15 14:17:00,857 - [INFO] - ✓ [4/18] Freedom_exp - 成功 (28.4s)
2025-11-15 14:17:02,951 - [INFO] - ✓ [5/18] CitadelFinance_exp - 成功 (31.5s)
2025-11-15 14:17:14,640 - [INFO] - ✓ [6/18] OrbitChain_exp - 成功 (12.4s)
2025-11-15 14:17:17,447 - [INFO] - ✓ [7/18] PeapodsFinance_exp - 成功 (14.6s)
2025-11-15 14:17:21,263 - [INFO] - ✓ [8/18] NBLGAME_exp - 成功 (30.7s)
2025-11-15 14:17:31,363 - [INFO] - ✓ [9/18] BarleyFinance_exp - 成功 (60.9s)
2025-11-15 14:17:32,017 - [INFO] - ✓ [10/18] SocketGateway_exp - 成功 (12.6s)
2025-11-15 14:17:48,095 - [INFO] - ✓ [11/18] MIC_exp - 成功 (74.1s)
2025-11-15 14:18:08,858 - [INFO] - ✓ [12/18] XSIJ_exp - 成功 (34.8s)
2025-11-15 14:18:30,408 - [INFO] - ✓ [13/18] Shell_MEV_0xa898_exp - 成功 (73.8s)
2025-11-15 14:18:43,492 - [INFO] - ✓ [14/18] WiseLending02_exp - 成功 (80.2s)
2025-11-15 14:20:13,180 - [INFO] - ✓ [15/18] MIMSpell2_exp - 成功 (204.1s)
2025-11-15 14:21:37,845 - [INFO] - ✓ [16/18] WiseLending03_exp - 成功 (244.5s)
2025-11-15 14:22:22,147 - [INFO] - ✓ [17/18] Gamma_exp - 成功 (349.2s)
2025-11-15 14:27:04,959 - [ERROR] - ✗ [18/18] RadiantCapital_exp - 失败: 执行超时 (>10分钟)
2025-11-15 14:27:04,965 - [INFO] - 并行处理完成，总耗时: 634.5秒
2025-11-15 14:27:04,966 - [INFO] - 
================================================================================
2025-11-15 14:27:04,966 - [INFO] - 批处理执行报告
2025-11-15 14:27:04,966 - [INFO] - ================================================================================
2025-11-15 14:27:04,966 - [INFO] - 
结果汇总:
2025-11-15 14:27:04,966 - [INFO] -   ✓ 成功: 17项
2025-11-15 14:27:04,966 - [INFO] -   ✗ 失败: 1项
2025-11-15 14:27:04,967 - [INFO] -   ⊘ 跳过: 0项 (已存在)
2025-11-15 14:27:04,967 - [INFO] -   总计: 18项
2025-11-15 14:27:04,967 - [INFO] - 
成功项目 (17个):
2025-11-15 14:27:04,967 - [INFO] -   ✓ LQDX_alert_exp
2025-11-15 14:27:04,967 - [INFO] -   ✓ Bmizapper_exp
2025-11-15 14:27:04,967 - [INFO] -   ✓ DAO_SoulMate_exp
2025-11-15 14:27:04,967 - [INFO] -   ✓ Freedom_exp
2025-11-15 14:27:04,968 - [INFO] -   ✓ CitadelFinance_exp
2025-11-15 14:27:04,968 - [INFO] -   ✓ OrbitChain_exp
2025-11-15 14:27:04,968 - [INFO] -   ✓ PeapodsFinance_exp
2025-11-15 14:27:04,968 - [INFO] -   ✓ NBLGAME_exp
2025-11-15 14:27:04,968 - [INFO] -   ✓ BarleyFinance_exp
2025-11-15 14:27:04,968 - [INFO] -   ✓ SocketGateway_exp
2025-11-15 14:27:04,968 - [INFO] -   ✓ MIC_exp
2025-11-15 14:27:04,969 - [INFO] -   ✓ XSIJ_exp
2025-11-15 14:27:04,969 - [INFO] -   ✓ Shell_MEV_0xa898_exp
2025-11-15 14:27:04,969 - [INFO] -   ✓ WiseLending02_exp
2025-11-15 14:27:04,969 - [INFO] -   ✓ MIMSpell2_exp
2025-11-15 14:27:04,969 - [INFO] -   ✓ WiseLending03_exp
2025-11-15 14:27:04,969 - [INFO] -   ✓ Gamma_exp
2025-11-15 14:27:04,969 - [INFO] - 
失败项目 (1个):
2025-11-15 14:27:04,970 - [INFO] -   ✗ RadiantCapital_exp
2025-11-15 14:27:04,970 - [INFO] -      错误: 执行超时 (>10分钟)
2025-11-15 14:27:04,970 - [INFO] - 
================================================================================
2025-11-15 14:27:04,970 - [INFO] - 详细日志已保存到: batch_monitor.log
2025-11-15 14:27:04,970 - [INFO] - ================================================================================
