2025-11-21 17:56:50,817 - INFO - 日志写入: /home/dqy/Firewall/FirewallOnchain/DeFiHackLabs/logs/extract_contracts.log
2025-11-21 17:56:50,817 - INFO - 使用硬编码的API Keys配置
2025-11-21 17:56:50,818 - INFO - 初始化API Key池: 4 个key, 限速 5 次/秒
2025-11-21 17:56:50,818 - INFO - 为 etherscan 创建Key池: 4 个key
2025-11-21 17:56:50,818 - INFO - API密钥池已初始化: 5个密钥, 限流3次/秒
2025-11-21 17:56:50,818 - INFO - API密钥池已初始化: 5个密钥, 限流5次/秒
2025-11-21 17:56:50,818 - INFO - API密钥池已初始化: 7个密钥, 限流5次/秒
2025-11-21 17:56:50,818 - INFO - 文件缓存已初始化: /home/dqy/Firewall/FirewallOnchain/DeFiHackLabs/extracted_contracts/.cache/onchain_data
2025-11-21 17:56:50,819 - INFO - Web3连接成功: mainnet -> https://eth.llamarpc.com
2025-11-21 17:56:50,820 - INFO - Web3连接成功: bsc -> https://bsc-dataseed.binance.org
2025-11-21 17:56:50,820 - INFO - Web3连接成功: arbitrum -> https://arb1.arbitrum.io/rpc
2025-11-21 17:56:50,821 - INFO - Web3连接成功: optimism -> https://mainnet.optimism.io
2025-11-21 17:56:50,821 - INFO - Web3连接成功: polygon -> https://polygon-rpc.com
2025-11-21 17:56:50,822 - INFO - Web3连接成功: avalanche -> https://api.avax.network/ext/bc/C/rpc
2025-11-21 17:56:50,823 - INFO - Web3连接成功: fantom -> https://rpc.ftm.tools
2025-11-21 17:56:50,823 - INFO - OnChainDataFetcher已初始化: 3个链, 7个RPC节点
2025-11-21 17:56:50,823 - INFO - OnChainDataFetcher初始化成功
2025-11-21 17:56:50,823 - INFO - ================================================================================
2025-11-21 17:56:50,823 - INFO - 开始提取DeFi攻击合约
2025-11-21 17:56:50,823 - INFO - ================================================================================
2025-11-21 17:56:50,825 - INFO - 找到 1 个测试脚本
2025-11-21 17:56:50,825 - INFO - 
[1/1] 处理: 2024-01/LQDX_alert_exp
2025-11-21 17:56:50,825 - INFO - 静态分析: LQDX_alert_exp
2025-11-21 17:56:50,828 - INFO -   静态提取到 4 个地址
2025-11-21 17:56:50,828 - INFO -   静态分析耗时: 0.00s, 地址数: 4
2025-11-21 17:56:50,828 - INFO - 动态分析: LQDX_alert_exp
2025-11-21 17:57:33,342 - INFO -   动态提取到 7 个地址
2025-11-21 17:57:33,342 - INFO -   动态分析耗时: 42.51s, 地址数: 7
2025-11-21 17:57:33,343 - INFO -   地址合并耗时: 0.00s
2025-11-21 17:57:33,343 - INFO -   共提取到 7 个唯一地址
2025-11-21 17:57:33,344 - INFO -   开始补全链上数据 (7个地址)...
2025-11-21 17:57:33,345 - INFO - 开始批量获取 7 个合约信息 (chain=mainnet)
2025-11-21 17:57:33,347 - INFO - 批量获取完成: 7/7 成功, 耗时0.00秒
2025-11-21 17:57:33,347 - INFO -   ✓ 链上数据补全完成: 7/7 个地址
2025-11-21 17:57:33,348 - INFO -   链上数据补全耗时: 0.00s
2025-11-21 17:57:33,349 - INFO -   保存地址耗时: 0.00s
2025-11-21 17:57:33,350 - INFO -   批量预检查 7 个地址的合约存在性 (并发数: 10)...
2025-11-21 17:57:33,658 - INFO -   ✓ 预检查完成: 7/7 个有效合约, 耗时 0.31秒
2025-11-21 17:57:33,658 - INFO -   开始下载源码 (链: mainnet, 并发数: 4)
2025-11-21 17:57:34,809 - INFO -   ✓ 下载成功: 0x872952d3...
2025-11-21 17:57:34,827 - INFO -   ✓ 下载成功: 0x1884C3D0...
2025-11-21 17:57:34,846 - INFO -   ✓ 下载成功: 0x364f17A2...
2025-11-21 17:57:35,050 - INFO -   ✓ 下载成功: 0xC02aaA39...
2025-11-21 17:57:37,164 - INFO -   ✓ 下载成功: 0xBC7D2129...
2025-11-21 17:57:37,231 - INFO -   ✓ 下载成功: 0xeba22665...
2025-11-21 17:57:37,287 - INFO -   ✓ 下载成功: 0x21e6fA01...
2025-11-21 17:57:39,000 - INFO -   源码下载完成, 耗时 5.34s
2025-11-21 17:57:39,000 - INFO -   源码下载耗时: 5.65s
2025-11-21 17:57:39,001 - INFO -   LQDX_alert_exp 总耗时: 48.18s
2025-11-21 17:57:39,002 - INFO - 
================================================================================
2025-11-21 17:57:39,002 - INFO - 执行摘要
2025-11-21 17:57:39,002 - INFO - ================================================================================
2025-11-21 17:57:39,002 - INFO - 总脚本数:        1
2025-11-21 17:57:39,002 - INFO - 成功:            1
2025-11-21 17:57:39,003 - INFO - 失败:            0
2025-11-21 17:57:39,003 - INFO - 总地址数:        7
2025-11-21 17:57:39,003 - INFO - 已验证合约:      7
2025-11-21 17:57:39,003 - INFO - 未验证合约:      0
2025-11-21 17:57:39,003 - INFO -   └─ 仅字节码:   0
2025-11-21 17:57:39,003 - INFO - API调用次数:     7
2025-11-21 17:57:39,003 - INFO - 
API Key并发统计:
2025-11-21 17:57:39,003 - INFO -   etherscan:
2025-11-21 17:57:39,004 - INFO -     Key数量: 4
2025-11-21 17:57:39,004 - INFO -     总调用: 7
2025-11-21 17:57:39,004 - INFO -     负载均衡: 最小=1, 最大=2, 平均=1.8
2025-11-21 17:57:39,004 - INFO - 
输出目录:        /home/dqy/Firewall/FirewallOnchain/DeFiHackLabs/extracted_contracts
2025-11-21 17:57:39,004 - INFO - ================================================================================
